This is pdfTeXk, Version 3.1415926-1.40.9 (Web2C 7.5.7) (format=pdflatex 2009.9.14)  16 MAY 2011 17:53
entering extended mode
\write18 enabled.
 %&-line parsing enabled.
**mybook.tex
(./mybook.tex
LaTeX2e <2005/12/01>
Babel <v3.8l> and hyphenation patterns for english, usenglishmax, dumylang, noh
yphenation, german-x-2008-06-18, ngerman-x-2008-06-18, ancientgreek, ibycus, ar
abic, basque, bulgarian, catalan, pinyin, coptic, croatian, czech, danish, dutc
h, esperanto, estonian, farsi, finnish, french, galician, german, ngerman, mono
greek, greek, hungarian, icelandic, indonesian, interlingua, irish, italian, la
tin, lithuanian, mongolian, mongolian2a, bokmal, nynorsk, polish, portuguese, r
omanian, russian, sanskrit, serbian, slovak, slovenian, spanish, swedish, turki
sh, ukenglish, ukrainian, uppersorbian, welsh, loaded.
(/usr/local/texlive/2008/texmf-dist/tex/latex/base/article.cls
Document Class: article 2005/09/16 v1.4f Standard LaTeX document class
(/usr/local/texlive/2008/texmf-dist/tex/latex/base/size10.clo
File: size10.clo 2005/09/16 v1.4f Standard LaTeX file (size option)
)
\c@part=\count79
\c@section=\count80
\c@subsection=\count81
\c@subsubsection=\count82
\c@paragraph=\count83
\c@subparagraph=\count84
\c@figure=\count85
\c@table=\count86
\abovecaptionskip=\skip41
\belowcaptionskip=\skip42
\bibindent=\dimen102
) (./songs.sty
Package: songs 2011/01/09 v2.12 Songs package

(/usr/local/texlive/2008/texmf-dist/tex/latex/etex-pkg/etex.sty
Package: etex 1998/03/26 v2.0 eTeX basic definition package (PEB)
\et@xins=\count87
)
\SB@dimen=\dimen103
\SB@dimenii=\dimen104
\SB@dimeniii=\dimen105
\SB@dimeniv=\dimen106
\SB@box=\box26
\SB@boxii=\box27
\SB@boxiii=\box28
\SB@toks=\toks14
\SB@cnt=\count88
\SB@cntii=\count89
\SB@skip=\skip43

(/usr/local/texlive/2008/texmf-dist/tex/latex/graphics/keyval.sty
Package: keyval 1999/03/16 v1.13 key=value parser (DPC)
\KV@toks@=\toks15
)
\c@songnum=\count90
\c@versenum=\count91
\versesep=\skip44
\baselineadj=\skip45
\idxheadwidth=\skip46
\songnumwidth=\skip47
\versenumwidth=\skip48
\cbarwidth=\skip49
\sbarheight=\skip50
\vvpenalty=\count92
\ccpenalty=\count93
\vcpenalty=\count94
\cvpenalty=\count95
\brkpenalty=\count96
\spenalty=\count97
\minfrets=\count98
\SB@colwidth=\dimen107
\SB@songbox=\box29
\SB@numcols=\count99
\SB@colnum=\count100
\SB@colbox=\box30
\SB@pgbox=\box31
\SB@mrkbox=\box32
\SB@groupcnt=\count101
\SB@titlelist=\toks16
\SB@titletail=\toks17
\SB@parindent=\dimen108
\SB@chorusbox=\box33
\SB@cmarkclass=\marks1
\SB@nocmarkclass=\marks2
\SB@grouplvl=\count102
\SB@srbox=\box34
\SB@transposefactor=\count103
\SB@lyric=\toks18
\SB@numhyps=\count104
\SB@lyricnohyp=\toks19
\SB@lyricbox=\box35
\SB@chordbox=\box36
\SB@cr@=\toks20
\SB@ctail=\toks21
\SB@fretwidth=\skip51
\SB@tabindent=\dimen109
\c@SB@songsnum=\count105
\SB@songwrites=\box37
\SB@idxtitlebox=\box38
LaTeX Font Info:    External font `cmex10' loaded for size
(Font)              <12> on input line 3573.
LaTeX Font Info:    External font `cmex10' loaded for size
(Font)              <8> on input line 3573.
LaTeX Font Info:    External font `cmex10' loaded for size
(Font)              <6> on input line 3573.
LaTeX Font Info:    External font `cmex10' loaded for size
(Font)              <10.95> on input line 3573.

(/usr/local/texlive/2008/texmf-dist/tex/latex/graphics/color.sty
Package: color 2005/11/14 v1.0j Standard LaTeX Color (DPC)

(/usr/local/texlive/2008/texmf/tex/latex/config/color.cfg
File: color.cfg 2007/01/18 v1.5 color configuration of teTeX/TeXLive
)
Package color Info: Driver file: pdftex.def on input line 130.

(/usr/local/texlive/2008/texmf-dist/tex/latex/pdftex-def/pdftex.def
File: pdftex.def 2008/09/08 v0.04l Graphics/color for pdfTeX
\Gread@gobject=\count106
)))
(/usr/local/texlive/2008/texmf-dist/tex/latex/base/inputenc.sty
Package: inputenc 2006/05/05 v1.1b Input encoding file
\inpenc@prehook=\toks22
\inpenc@posthook=\toks23

(/usr/local/texlive/2008/texmf-dist/tex/latex/base/latin1.def
File: latin1.def 2006/05/05 v1.1b Input encoding file
)) (./mybook.aux)
\openout1 = `mybook.aux'.

LaTeX Font Info:    Checking defaults for OML/cmm/m/it on input line 11.
LaTeX Font Info:    ... okay on input line 11.
LaTeX Font Info:    Checking defaults for T1/cmr/m/n on input line 11.
LaTeX Font Info:    ... okay on input line 11.
LaTeX Font Info:    Checking defaults for OT1/cmr/m/n on input line 11.
LaTeX Font Info:    ... okay on input line 11.
LaTeX Font Info:    Checking defaults for OMS/cmsy/m/n on input line 11.
LaTeX Font Info:    ... okay on input line 11.
LaTeX Font Info:    Checking defaults for OMX/cmex/m/n on input line 11.
LaTeX Font Info:    ... okay on input line 11.
LaTeX Font Info:    Checking defaults for U/cmr/m/n on input line 11.
LaTeX Font Info:    ... okay on input line 11.

(/usr/local/texlive/2008/texmf-dist/tex/context/base/supp-pdf.tex
[Loading MPS to PDF converter (version 2006.09.02).]
\scratchcounter=\count107
\scratchdimen=\dimen110
\scratchbox=\box39
\nofMPsegments=\count108
\nofMParguments=\count109
\everyMPshowfont=\toks24
\MPscratchCnt=\count110
\MPscratchDim=\dimen111
\MPnumerator=\count111
\everyMPtoPDFconversion=\toks25
)
\SB@theindex=\write3
\openout3 = `titleidx.sxd'.

 [1

{/usr/local/texlive/2008/texmf-var/fonts/map/pdftex/updmap/pdftex.map}]
[2

]
Underfull \vbox (badness 2050) detected at line 282
 []

[3

] [4] (./mybook.aux) ) 
Here is how much of TeX's memory you used:
 1654 strings out of 493876
 19865 string characters out of 1150568
 93938 words of memory out of 3000000
 4965 multiletter control sequences out of 10000+50000
 10276 words of font info for 35 fonts, out of 3000000 for 5000
 714 hyphenation exceptions out of 8191
 31i,6n,21p,198b,208s stack positions out of 5000i,500n,10000p,200000b,50000s
</usr/local/texlive/2008/texmf-dist/fonts/type1/bluesky/c
m/cmbx5.pfb></usr/local/texlive/2008/texmf-dist/fonts/type1/bluesky/cm/cmr10.pf
b></usr/local/texlive/2008/texmf-dist/fonts/type1/bluesky/cm/cmr5.pfb></usr/loc
al/texlive/2008/texmf-dist/fonts/type1/bluesky/cm/cmsl8.pfb></usr/local/texlive
/2008/texmf-dist/fonts/type1/bluesky/cm/cmssbx10.pfb></usr/local/texlive/2008/t
exmf-dist/fonts/type1/bluesky/cm/cmssi12.pfb>
Output written on mybook.pdf (4 pages, 47253 bytes).
PDF statistics:
 39 PDF objects out of 1000 (max. 8388607)
 0 named destinations out of 1000 (max. 131072)
 1 words of extra memory for PDF output out of 10000 (max. 10000000)

